\BOOKMARK [1][-]{section.1}{\376\377\133\236\232\214\124\015\171\360}{}% 1
\BOOKMARK [1][-]{section.2}{\376\377\133\236\232\214\166\356\166\204}{}% 2
\BOOKMARK [1][-]{section.3}{\376\377\133\236\232\214\121\103\126\150\116\366}{}% 3
\BOOKMARK [1][-]{section.4}{\376\377\133\236\232\214\116\373\122\241}{}% 4
\BOOKMARK [2][-]{subsection.4.1}{\376\377\122\237\200\375\211\201\154\102}{section.4}% 5
\BOOKMARK [2][-]{subsection.4.2}{\376\377\135\362\167\345\147\141\116\366}{section.4}% 6
\BOOKMARK [2][-]{subsection.4.3}{\376\377\142\200\147\057\143\007\150\007\211\201\154\102}{section.4}% 7
\BOOKMARK [2][-]{subsection.4.4}{\376\377\155\113\221\317\121\205\133\271}{section.4}% 8
\BOOKMARK [1][-]{section.5}{\376\377\133\236\232\214\123\237\164\006\123\312\123\302\200\003\165\065\215\357}{}% 9
\BOOKMARK [2][-]{subsection.5.1}{\376\377\133\236\232\214\165\065\215\357}{section.5}% 10
\BOOKMARK [2][-]{subsection.5.2}{\376\377\165\065\215\357\133\211\210\305\116\016\214\003\213\325\142\200\147\057}{section.5}% 11
\BOOKMARK [3][-]{subsubsection.5.2.1}{\376\377\124\010\164\006\136\003\134\100\377\014\122\006\176\247\210\305\214\003}{subsection.5.2}% 12
\BOOKMARK [3][-]{subsubsection.5.2.2}{\376\377\165\065\215\357\214\003\213\325\142\200\147\057}{subsection.5.2}% 13
\BOOKMARK [1][-]{section.6}{\376\377\133\236\232\214\217\307\172\013}{}% 14
\BOOKMARK [2][-]{subsection.6.1}{\376\377\145\076\131\047\120\015\145\160\123\312\230\235\133\232\122\237\163\207}{section.6}% 15
\BOOKMARK [2][-]{subsection.6.2}{\376\377\217\223\121\145\226\073\142\227}{section.6}% 16
\BOOKMARK [2][-]{subsection.6.3}{\376\377\217\223\121\145\160\165\145\117\136\246}{section.6}% 17
\BOOKMARK [2][-]{subsection.6.4}{\376\377\126\152\130\360\165\065\123\213}{section.6}% 18
\BOOKMARK [2][-]{subsection.6.5}{\376\377\145\164\147\072\145\110\163\207}{section.6}% 19
\BOOKMARK [2][-]{subsection.6.6}{\376\377\230\221\163\207\124\315\136\224}{section.6}% 20
\BOOKMARK [1][-]{section.7}{\376\377\133\236\232\214\134\017\176\323}{}% 21
